app/build/outputs/mapping/proguard/seeds.txt
com.google.mlkit.vision.demo.java.StillImageActivity
com.google.mlkit.vision.demo.EntryChoiceActivity: EntryChoiceActivity()
com.google.mlkit.vision.demo.java.CameraXLivePreviewActivity: CameraXLivePreviewActivity()
com.google.mlkit.vision.demo.GraphicOverlay: int getImageWidth()
com.google.mlkit.vision.demo.preference.SettingsActivity
com.google.mlkit.vision.demo.kotlin.CameraXLivePreviewActivity
com.google.mlkit.vision.demo.java.StillImageActivity: StillImageActivity()
com.google.mlkit.vision.demo.CameraXViewModel
com.google.mlkit.vision.demo.java.ChooserActivity
com.google.mlkit.vision.demo.preference.SettingsActivity$LaunchSource: com.google.mlkit.vision.demo.preference.SettingsActivity$LaunchSource[] values()
com.google.mlkit.vision.demo.CameraSourcePreview
com.google.mlkit.vision.demo.kotlin.ChooserActivity: ChooserActivity()
com.google.mlkit.vision.demo.java.CameraXLivePreviewActivity
com.google.mlkit.vision.demo.kotlin.CameraXLivePreviewActivity: CameraXLivePreviewActivity()
com.google.mlkit.vision.demo.kotlin.StillImageActivity
com.google.mlkit.vision.demo.CameraXViewModel: CameraXViewModel(android.app.Application)
com.google.mlkit.vision.demo.kotlin.LivePreviewActivity: LivePreviewActivity()
com.google.mlkit.vision.demo.CameraSourcePreview: CameraSourcePreview(android.content.Context,android.util.AttributeSet)
com.google.mlkit.vision.demo.kotlin.StillImageActivity: StillImageActivity()
com.google.mlkit.vision.demo.java.LivePreviewActivity: LivePreviewActivity()
com.google.mlkit.vision.demo.GraphicOverlay: int getImageHeight()
com.google.mlkit.vision.demo.EntryChoiceActivity
com.google.mlkit.vision.demo.java.ChooserActivity: ChooserActivity()
com.google.mlkit.vision.demo.GraphicOverlay: GraphicOverlay(android.content.Context,android.util.AttributeSet)
com.google.mlkit.vision.demo.preference.SettingsActivity$LaunchSource: com.google.mlkit.vision.demo.preference.SettingsActivity$LaunchSource valueOf(java.lang.String)
com.google.mlkit.vision.demo.kotlin.LivePreviewActivity
com.google.mlkit.vision.demo.kotlin.ChooserActivity
com.google.mlkit.vision.demo.GraphicOverlay
com.google.mlkit.vision.demo.java.LivePreviewActivity
com.google.mlkit.vision.demo.preference.SettingsActivity: SettingsActivity()
...
androidx.camera.view.R$styleable: int StateListDrawable_android_enterFadeDuration
androidx.appcompat.R$color: int background_floating_material_dark
com.google.android.gms.vision.face.NativeFaceDetectorV2Impl
com.google.android.gms.internal.mlkit_vision_label_bundled.zzbh$zzc$zzb: com.google.android.gms.internal.mlkit_vision_label_bundled.zzbh$zzc$zzb zzm
com.google.android.gms.internal.mlkit_vision_barcode.zzbl$zzad: com.google.android.gms.internal.mlkit_vision_barcode.zzbl$zzax zzu
com.google.android.gms.internal.mlkit_vision_common.zzr$zzah: java.lang.String zzf
com.google.android.gms.internal.mlkit_vision_label_automl.zzbl$zzad: com.google.android.gms.internal.mlkit_vision_label_automl.zzbl$zzp zzaa
com.google.android.gms.internal.mlkit_vision_object_detection_custom.zzji$zzj: com.google.android.gms.internal.mlkit_vision_object_detection_custom.zzji$zze zzf
com.google.android.gms.internal.mlkit_vision_common.zzr$zzi$zza
com.google.android.gms.internal.mlkit_vision_label_automl.zzbl$zzac: com.google.android.gms.internal.mlkit_vision_label_automl.zzhz zzk
com.google.android.gms.internal.mlkit_vision_internal_vkp.zzmz$zzn: float zzq
com.google.android.gms.internal.mlkit_vision_mediapipe.zzdf: zzdf(long)
com.google.android.gms.internal.mlkit_vision_internal_vkp.zzyd: int zzc
com.google.android.gms.internal.mlkit_vision_object_detection_bundled.zzbh$zzy: int zzc
com.google.android.gms.internal.mlkit_vision_object_detection_custom.zzji$zzi$zza: long zzg
com.google.android.gms.internal.mlkit_vision_internal_vkp.zzir$zzak: long zzg
com.google.android.gms.internal.mlkit_vision_face.zzjp$zzi
com.google.android.libraries.vision.visionkit.pipeline.zzbd: float zzm
com.google.android.gms.internal.mlkit_vision_object_detection_bundled.zzbh$zzu: com.google.android.gms.internal.mlkit_vision_object_detection_bundled.zzbh$zzae zzf
com.google.android.gms.internal.mlkit_vision_common.zzr$zzae: int zzd
com.google.android.gms.internal.mlkit_vision_label_bundled.zzbh$zzad: com.google.android.gms.internal.mlkit_vision_label_bundled.zzbh$zzr zzad
com.google.android.gms.internal.mlkit_vision_face.zzbm$zzae
com.google.android.gms.internal.mlkit_vision_face.zzjp$zzi$zza: com.google.android.gms.internal.mlkit_vision_face.zzhv zzi
androidx.camera.view.R$styleable: int[] AlertDialog
com.google.android.gms.internal.mlkit_vision_label_custom.zzbh$zzbc
com.google.android.gms.internal.mlkit_vision_internal_vkp.zzeb: java.lang.String zzg
com.google.android.gms.internal.mlkit_vision_text.zzbh$zzbc$zzc: int zzc
com.google.android.gms.internal.mlkit_vision_face.zzbm$zzb$zza
com.google.android.gms.internal.mlkit_common.zzav$zzq: com.google.android.gms.internal.mlkit_common.zzhl zzh
com.google.android.gms.internal.mlkit_vision_face.zzbm$zzad: com.google.android.gms.internal.mlkit_vision_face.zzbm$zzz zzj
com.google.android.gms.internal.mlkit_vision_common.zzr$zzau$zzc: com.google.android.gms.internal.mlkit_vision_common.zzgb zzf
com.google.android.gms.internal.mlkit_vision_internal_vkp.zzxu$zza: int zzh
com.google.android.gms.internal.mlkit_vision_object_detection_custom.zzbh$zzay: com.google.android.gms.internal.mlkit_vision_object_detection_custom.zzgf zzh
com.google.android.gms.internal.mlkit_vision_internal_vkp.zzfu: int zze
com.google.android.gms.internal.mlkit_vision_common.zzhv$zzi$zza
com.google.android.gms.internal.mlkit_vision_common.zzr$zzk: com.google.android.gms.internal.mlkit_vision_common.zzr$zzam zze
com.google.android.gms.internal.mlkit_vision_label_custom.zzjl$zzf: com.google.android.gms.internal.mlkit_vision_label_custom.zzjl$zzi zze
androidx.appcompat.R$styleable: int SwitchCompat_switchPadding
androidx.core.R$attr: int fontProviderFetchStrategy
androidx.appcompat.R$drawable: int btn_radio_off_to_on_mtrl_animation
com.google.android.gms.internal.mlkit_vision_object_detection_bundled.zzjk$zzd: java.lang.String zzi
androidx.appcompat.widget.AppCompatEditText: void setTextClassifier(android.view.textclassifier.TextClassifier)