app/build/outputs/mapping/proguard/mapping.txt
# compiler: R8
# compiler_version: 2.0.88
# min_api: 16
# pg_map_id: 86b2574
# common_typos_disable
com.google.mlkit.vision.demo.-$$Lambda$CameraXViewModel$KEMh0iZQioS0z__VYzpSGEzZT3k -> com.google.mlkit.vision.demo.a:
    com.google.mlkit.vision.demo.CameraXViewModel f$0 -> b
    com.google.common.util.concurrent.ListenableFuture f$1 -> c
com.google.mlkit.vision.demo.-$$Lambda$GraphicOverlay$naye_CaM5bS2xTlVTENaVS4MII4 -> com.google.mlkit.vision.demo.b:
    com.google.mlkit.vision.demo.GraphicOverlay f$0 -> a
com.google.mlkit.vision.demo.-$$Lambda$ScopedExecutor$44brDLevvLv_Io6c2sClFKWM82U -> com.google.mlkit.vision.demo.c:
    java.lang.Runnable f$1 -> c
    com.google.mlkit.vision.demo.ScopedExecutor f$0 -> b
com.google.mlkit.vision.demo.BitmapUtils -> com.google.mlkit.vision.demo.d:
    boolean areUVPlanesNV21(android.media.Image$Plane[],int,int) -> a
    android.graphics.Bitmap getBitmap(androidx.camera.core.ImageProxy) -> b
    android.graphics.Bitmap getBitmap(java.nio.ByteBuffer,com.google.mlkit.vision.demo.FrameMetadata) -> c
    android.graphics.Bitmap getBitmapFromContentUri(android.content.ContentResolver,android.net.Uri) -> d
    int getExifOrientationTag(android.content.ContentResolver,android.net.Uri) -> e
    android.graphics.Bitmap rotateBitmap(android.graphics.Bitmap,int,boolean,boolean) -> f
    void unpackPlane(android.media.Image$Plane,int,int,byte[],int,int) -> g
    java.nio.ByteBuffer yuv420ThreePlanesToNV21(android.media.Image$Plane[],int,int) -> h
com.google.mlkit.vision.demo.CameraImageGraphic -> com.google.mlkit.vision.demo.e:
    android.graphics.Bitmap bitmap -> b
    void draw(android.graphics.Canvas) -> a
com.google.mlkit.vision.demo.CameraSource -> com.google.mlkit.vision.demo.f:
    java.lang.Object processorLock -> k
    int rotationDegrees -> d
    int facing -> c
    com.google.mlkit.vision.demo.CameraSource$FrameProcessingRunnable processingRunnable -> j
    java.util.IdentityHashMap bytesToByteBuffer -> m
    com.google.mlkit.vision.demo.VisionImageProcessor frameProcessor -> l
    com.google.mlkit.vision.demo.GraphicOverlay graphicOverlay -> g
    android.hardware.Camera camera -> b
    boolean usingSurfaceTexture -> h
    android.app.Activity activity -> a
    java.lang.Thread processingThread -> i
    com.google.android.gms.common.images.Size previewSize -> e
    android.graphics.SurfaceTexture dummySurfaceTexture -> f
    com.google.mlkit.vision.demo.CameraSource$FrameProcessingRunnable access$100(com.google.mlkit.vision.demo.CameraSource) -> a
    java.util.IdentityHashMap access$300(com.google.mlkit.vision.demo.CameraSource) -> b
    java.lang.Object access$400(com.google.mlkit.vision.demo.CameraSource) -> c
    int access$500(com.google.mlkit.vision.demo.CameraSource) -> d
    com.google.android.gms.common.images.Size access$600(com.google.mlkit.vision.demo.CameraSource) -> e
    com.google.mlkit.vision.demo.GraphicOverlay access$700(com.google.mlkit.vision.demo.CameraSource) -> f
    com.google.mlkit.vision.demo.VisionImageProcessor access$800(com.google.mlkit.vision.demo.CameraSource) -> g
com.google.mlkit.vision.demo.CameraSource$1 -> com.google.mlkit.vision.demo.f$a:
com.google.mlkit.vision.demo.CameraSource$CameraPreviewCallback -> com.google.mlkit.vision.demo.f$b:
    com.google.mlkit.vision.demo.CameraSource this$0 -> a
com.google.mlkit.vision.demo.CameraSource$FrameProcessingRunnable -> com.google.mlkit.vision.demo.f$c:
    java.lang.Object lock -> b
    java.nio.ByteBuffer pendingFrameData -> d
    com.google.mlkit.vision.demo.CameraSource this$0 -> e
    boolean active -> c
    void release() -> a
    void setActive(boolean) -> b
    void setNextFrame(byte[],android.hardware.Camera) -> c
com.google.mlkit.vision.demo.CameraSource$SizePair -> com.google.mlkit.vision.demo.f$d:
    com.google.android.gms.common.images.Size preview -> a
    com.google.android.gms.common.images.Size picture -> b
...
com.google.mlkit.vision.common.internal.VisionCommonRegistrar -> com.google.mlkit.vision.common.internal.VisionCommonRegistrar:
    java.util.List getComponents() -> a
com.google.mlkit.vision.common.internal.VisionImageMetadataParcel -> com.google.mlkit.vision.common.internal.f:
    long timestampMillis -> e
    int rotation -> f
    int zza -> d
    int width -> b
    int height -> c
    android.graphics.Matrix getUprightRotationMatrix() -> d
com.google.mlkit.vision.common.internal.zza -> com.google.mlkit.vision.common.internal.g:
    com.google.android.gms.tasks.OnFailureListener zza -> a
    void onFailure(java.lang.Exception) -> c
com.google.mlkit.vision.common.internal.zzb -> com.google.mlkit.vision.common.internal.h:
    java.util.concurrent.Callable zza -> a
com.google.mlkit.vision.common.internal.zzc -> com.google.mlkit.vision.common.internal.i:
    com.google.mlkit.vision.common.internal.MobileVisionBase zza -> a
    com.google.mlkit.vision.common.InputImage zzb -> b
com.google.mlkit.vision.common.internal.zzd -> com.google.mlkit.vision.common.internal.j:
    com.google.firebase.components.ComponentFactory zza -> a
    java.lang.Object create(com.google.firebase.components.ComponentContainer) -> a
com.google.mlkit.vision.common.internal.zze -> com.google.mlkit.vision.common.internal.k:
com.google.mlkit.vision.face.Face -> c.a.d.b.b.a:
    float zzh -> h
    float zzg -> g
    float zzf -> f
    float zze -> e
    float zzd -> d
    float zzc -> c
    int zzb -> b
    android.graphics.Rect zza -> a
    android.util.SparseArray zzi -> i
    android.util.SparseArray zzj -> j
    java.util.List getAllContours() -> a
    android.graphics.Rect getBoundingBox() -> b
    com.google.mlkit.vision.face.FaceContour getContour(int) -> c
    float getHeadEulerAngleX() -> d
    float getHeadEulerAngleY() -> e
    float getHeadEulerAngleZ() -> f
    com.google.mlkit.vision.face.FaceLandmark getLandmark(int) -> g
    java.lang.Float getLeftEyeOpenProbability() -> h
    java.lang.Float getRightEyeOpenProbability() -> i
    java.lang.Float getSmilingProbability() -> j
    java.lang.Integer getTrackingId() -> k
    android.util.SparseArray zza() -> l
    void zza(int) -> m
    void zza(android.util.SparseArray) -> n
    boolean zzb(int) -> o
com.google.mlkit.vision.face.FaceContour -> c.a.d.b.b.b:
    java.util.List zzb -> b
    int zza -> a
    java.util.List getPoints() -> a
com.google.mlkit.vision.face.FaceDetection -> c.a.d.b.b.c:
    com.google.mlkit.vision.face.FaceDetector getClient(com.google.mlkit.vision.face.FaceDetectorOptions) -> a
com.google.mlkit.vision.face.FaceDetector -> c.a.d.b.b.d:
    com.google.android.gms.tasks.Task process(com.google.mlkit.vision.common.InputImage) -> b
com.google.mlkit.vision.face.FaceDetectorOptions -> c.a.d.b.b.e:
    float zzf -> f
    boolean zze -> e
    int zzd -> d
    int zzb -> b
    java.util.concurrent.Executor zzg -> g
    int zzc -> c
    int zza -> a
    int zza() -> a
    int zzb() -> b
    int zzc() -> c
    int zzd() -> d
    boolean zze() -> e
    float zzf() -> f
    java.util.concurrent.Executor zzg() -> g
    com.google.android.gms.internal.mlkit_vision_face.zzbm$zzac zzh() -> h