app/build/outputs/mapping/proguard/usage.txt
com.google.mlkit.vision.demo.kotlin.labeldetector.LabelGraphic:
    private static final float TEXT_SIZE
    private static final java.lang.String LABEL_FORMAT
com.google.mlkit.vision.demo.kotlin.textdetector.TextGraphic:
    private static final java.lang.String TAG
    private static final int TEXT_COLOR
    private static final int MARKER_COLOR
    private static final float TEXT_SIZE
    private static final float STROKE_WIDTH
com.google.mlkit.vision.demo.R
com.google.mlkit.vision.demo.java.barcodescanner.BarcodeGraphic:
    private static final int TEXT_COLOR
    private static final int MARKER_COLOR
    private static final float TEXT_SIZE
    private static final float STROKE_WIDTH
com.google.mlkit.vision.demo.kotlin.posedetector.PoseGraphic:
    private static final float DOT_RADIUS
    private static final float IN_FRAME_LIKELIHOOD_TEXT_SIZE
com.google.mlkit.vision.demo.kotlin.TaskExtKt:
    public static final com.google.android.gms.tasks.Task addOnCompleteListener(com.google.android.gms.tasks.Task,java.util.concurrent.Executor,kotlin.jvm.functions.Function1)
    public static final com.google.android.gms.tasks.Task addOnCanceledListener(com.google.android.gms.tasks.Task,java.util.concurrent.Executor,kotlin.jvm.functions.Function0)
com.google.mlkit.vision.demo.java.facedetector.FaceGraphic:
    private static final float FACE_POSITION_RADIUS
    private static final float ID_TEXT_SIZE
    private static final float ID_Y_OFFSET
    private static final float BOX_STROKE_WIDTH
    private static final int NUM_COLORS
com.google.mlkit.vision.demo.kotlin.barcodescanner.BarcodeScannerProcessor:
    private static final java.lang.String TAG
com.google.mlkit.vision.demo.BuildConfig
com.google.mlkit.vision.demo.kotlin.barcodescanner.BarcodeGraphic:
    private static final int TEXT_COLOR
    private static final int MARKER_COLOR
    private static final float TEXT_SIZE
    private static final float STROKE_WIDTH
com.google.mlkit.vision.demo.kotlin.labeldetector.LabelDetectorProcessor:
    private static final java.lang.String TAG
com.google.mlkit.vision.demo.preference.PreferenceUtils:
    private void <init>()
com.google.mlkit.vision.demo.java.VisionProcessorBase:
    protected static final java.lang.String MANUAL_TESTING_LOG
    private static final java.lang.String TAG
com.google.mlkit.vision.demo.kotlin.textdetector.TextRecognitionProcessor:
    private static final java.lang.String TAG
com.google.mlkit.vision.demo.CameraSourcePreview:
    public void release()
    private static final java.lang.String TAG
com.google.mlkit.vision.demo.java.labeldetector.LabelDetectorProcessor:
    private static final java.lang.String TAG
com.google.mlkit.vision.demo.R$array
com.google.mlkit.vision.demo.GraphicOverlay$Graphic:
    public android.content.Context getApplicationContext()
    public boolean isImageFlipped()
com.google.mlkit.vision.demo.kotlin.automl.LabelGraphic:
    private static final float TEXT_SIZE
com.google.mlkit.vision.demo.java.objectdetector.ObjectDetectorProcessor:
    private static final java.lang.String TAG
com.google.mlkit.vision.demo.java.automl.LabelGraphic:
    private static final float TEXT_SIZE
    private static final java.lang.String LABEL_FORMAT
com.google.mlkit.vision.demo.kotlin.TaskExtKt$sam$com_google_android_gms_tasks_OnCanceledListener$0
com.google.mlkit.vision.demo.java.posedetector.PoseDetectorProcessor:
    private static final java.lang.String TAG
com.google.mlkit.vision.demo.R$dimen
com.google.mlkit.vision.demo.R$interpolator
com.google.mlkit.vision.demo.R$style
com.google.mlkit.vision.demo.java.objectdetector.ObjectGraphic:
    private static final float TEXT_SIZE
    private static final float STROKE_WIDTH
    private static final int NUM_COLORS
    private static final java.lang.String LABEL_FORMAT
com.google.mlkit.vision.demo.java.barcodescanner.BarcodeScannerProcessor:
    private static final java.lang.String TAG
...
androidx.core.app.ShareCompat$IntentReader
androidx.annotation.MainThread
androidx.camera.camera2.internal.compat.params.OutputConfigurationCompatBaseImpl$OutputConfigurationParamsApi21:
    static final int MAX_SURFACES_COUNT
    private static final java.lang.String LEGACY_CAMERA_DEVICE_CLASS
    private static final java.lang.String GET_SURFACE_SIZE_METHOD
    private static final java.lang.String DETECT_SURFACE_TYPE_METHOD
    private static final java.lang.String GET_GENERATION_ID_METHOD
androidx.camera.view.R$layout
com.google.android.gms.internal.mlkit_vision_internal_vkp.zzmf$zza$zzb
kotlin.jvm.internal.PropertyReference1
kotlin.UNumbersKt
androidx.core.telephony.mbms.MbmsHelper
com.google.android.gms.common.api.internal.zaak
com.google.android.gms.internal.mlkit_vision_label_automl.zzax:
    public abstract java.util.Collection zzb(java.lang.Object)
com.google.android.gms.common.api.Api$SimpleClient:
    public abstract android.content.Context getContext()
androidx.appcompat.R$interpolator
com.google.android.gms.common.api.BatchResultToken
com.google.gson.internal.bind.TypeAdapters$20
com.google.android.gms.internal.mlkit_vision_internal_vkp.zzrk:
    void <init>()
kotlin.properties.Delegates$observable$1
androidx.core.R$string
com.google.android.gms.internal.mlkit_vision_common.zzho:
    static void <clinit>()
    private static final synthetic int[] zza
com.google.android.gms.common.server.response.FastJsonResponse
androidx.savedstate.Recreator$SavedStateProvider
kotlin.coroutines.CombinedContext$writeReplace$1
com.google.mlkit.vision.pose.PoseDetectorOptions$DetectorMode
androidx.core.view.accessibility.AccessibilityNodeInfoCompat$AccessibilityActionCompat:
    public void <init>(int,java.lang.CharSequence,androidx.core.view.accessibility.AccessibilityViewCommand)
    public androidx.core.view.accessibility.AccessibilityNodeInfoCompat$AccessibilityActionCompat createReplacementAction(java.lang.CharSequence,androidx.core.view.accessibility.AccessibilityViewCommand)
    private static final java.lang.String TAG
androidx.camera.core.impl.utils.executor.HighPriorityExecutor$1:
    private static final java.lang.String THREAD_NAME
androidx.camera.core.ImageCapture$OutputFileOptions
androidx.camera.lifecycle.LifecycleCameraRepository:
    void clear()
com.google.android.gms.internal.mlkit_vision_label_custom.zzfw$zzb:
    public final synthetic com.google.android.gms.internal.mlkit_vision_label_custom.zzep zzb()
com.google.common.collect.SortedIterables
androidx.camera.core.impl.ImageOutputConfig$Builder
kotlin.io.ByteStreamsKt$iterator$1
com.google.common.util.concurrent.Futures$MappingCheckedFuture
okhttp3.internal.http.Http1xStream$ChunkedSink
com.google.android.gms.internal.vision.zzix:
    abstract java.util.List zza(java.lang.Object,long)
androidx.core.content.ContentResolverCompat
com.google.android.gms.vision.barcode.Barcode$Address:
    public static final int UNKNOWN
    public static final int WORK
    public static final int HOME
androidx.lifecycle.viewmodel.R
com.google.android.gms.common.util.RetainForClient
androidx.camera.lifecycle.R
androidx.appcompat.resources.R$layout
kotlin.LazyKt__LazyJVMKt
com.google.common.base.Converter
com.google.android.gms.phenotype.PhenotypeFlag$zza
kotlin.collections.ArraysKt___ArraysKt$groupingBy$1
com.google.common.collect.DiscreteDomain$LongDomain
com.google.mlkit.common.MlKit
com.google.common.hash.Funnels
com.google.common.hash.Funnels$UnencodedCharsFunnel
com.google.common.collect.ImmutableSetMultimap$EntrySet
com.google.common.io.FileBackedOutputStream$MemoryOutput
com.google.common.collect.Sets$PowerSet
com.google.android.gms.internal.clearcut.zzge$zzx